Arguments: 
  /usr/local/Cellar/node/11.4.0/bin/node /usr/local/Cellar/yarn/1.12.3/libexec/bin/yarn.js add lint-md

PATH: 
  /usr/local/bin:/usr/bin:/bin:/usr/sbin:/sbin

Yarn version: 
  1.12.3

Node version: 
  11.4.0

Platform: 
  darwin x64

Trace: 
  Error: ENOENT: no such file or directory, copyfile '/Users/hjio/Library/Caches/Yarn/v4/npm-ansi-styles-2.2.1-b432dd3358b634cf75e1e4664368240533c1ddbe/node_modules/ansi-styles/license' -> '/Users/hjio/dev/vscode-mdlint-plugin/node_modules/babel-code-frame/node_modules/ansi-styles/license'

npm manifest: 
  {
    "name": "mdlint",
    "description": "a configurable vscode markdown plugin.",
    "author": "Zhixiang Zhang",
    "license": "MIT",
    "version": "0.1.1",
    "repository": {
      "type": "git",
      "url": "https://github.com/HJIO/vscode-mdlint-plugin"
    },
    "publisher": "ZhixiangZhang",
    "categories": [],
    "keywords": [
      "markdown mdlint lint"
    ],
    "engines": {
      "vscode": "^1.23.0"
    },
    "activationEvents": [
      "onLanguage:markdown"
    ],
    "main": "./client/out/extension",
    "contributes": {
      "configuration": {
        "type": "object",
        "title": "mdlintConfig",
        "properties": {
          "mdlint.maxNumberOfProblems": {
            "scope": "resource",
            "type": "number",
            "default": 100,
            "description": "Controls the maximum number of problems produced by the server."
          },
          "languageServerExample.trace.server": {
            "scope": "window",
            "type": "string",
            "enum": [
              "off",
              "messages",
              "verbose"
            ],
            "default": "off",
            "description": "Traces the communication between VS Code and the language server."
          }
        }
      }
    },
    "scripts": {
      "vscode:prepublish": "cd client && npm run update-vscode && cd .. && npm run compile",
      "compile": "tsc -b",
      "watch": "tsc -b -w",
      "postinstall": "cd client && npm install && cd ../server && npm install && cd ..",
      "test": "sh ./scripts/e2e.sh"
  	},
  	"dependencies": {
  		"lint-md": "^0.0.6"
  	},
    "devDependencies": {
      "@types/mocha": "^5.2.0",
      "@types/node": "^8.0.0",
      "tslint": "^5.11.0",
      "typescript": "^3.1.3",
      "vscode": "^1.1.26"
    }
  }

yarn manifest: 
  No manifest

Lockfile: 
  No lockfile
